<?xml version="1.0" encoding="UTF-8"?>
<coverage generated="1563977285445" clover="3.2.0">
  <project timestamp="1563977285445" name="All files">
    <metrics statements="35" coveredstatements="31" conditionals="27" coveredconditionals="17" methods="6" coveredmethods="5" elements="68" coveredelements="53" complexity="0" loc="35" ncloc="35" packages="1" files="1" classes="1"/>
    <file name="swipeJsListener.js" path="/home/pismo-vinicius/github/swipeJsListener/src/swipeJsListener.js">
      <metrics statements="35" coveredstatements="31" conditionals="27" coveredconditionals="17" methods="6" coveredmethods="5"/>
      <line num="3" count="5" type="stmt"/>
      <line num="4" count="5" type="stmt"/>
      <line num="5" count="5" type="stmt"/>
      <line num="6" count="5" type="stmt"/>
      <line num="9" count="4" type="stmt"/>
      <line num="10" count="4" type="stmt"/>
      <line num="13" count="4" type="stmt"/>
      <line num="14" count="4" type="cond" truecount="2" falsecount="3"/>
      <line num="15" count="4" type="stmt"/>
      <line num="16" count="4" type="stmt"/>
      <line num="17" count="4" type="cond" truecount="2" falsecount="0"/>
      <line num="18" count="2" type="cond" truecount="4" falsecount="0"/>
      <line num="19" count="1" type="cond" truecount="1" falsecount="1"/>
      <line num="22" count="2" type="cond" truecount="4" falsecount="0"/>
      <line num="23" count="1" type="cond" truecount="1" falsecount="1"/>
      <line num="26" count="4" type="stmt"/>
      <line num="27" count="4" type="stmt"/>
      <line num="30" count="5" type="stmt"/>
      <line num="31" count="5" type="stmt"/>
      <line num="32" count="5" type="stmt"/>
      <line num="33" count="5" type="stmt"/>
      <line num="34" count="5" type="stmt"/>
      <line num="35" count="5" type="stmt"/>
      <line num="38" count="5" type="stmt"/>
      <line num="39" count="5" type="stmt"/>
      <line num="40" count="5" type="stmt"/>
      <line num="41" count="5" type="stmt"/>
      <line num="42" count="5" type="stmt"/>
      <line num="43" count="5" type="stmt"/>
      <line num="46" count="1" type="cond" truecount="3" falsecount="1"/>
      <line num="47" count="1" type="stmt"/>
      <line num="49" count="0" type="cond" truecount="0" falsecount="4"/>
      <line num="50" count="0" type="stmt"/>
      <line num="51" count="0" type="stmt"/>
      <line num="54" count="0" type="stmt"/>
    </file>
  </project>
</coverage>
