{"/home/pismo/github/swipeJsListener/src/swipeJsListener.js": {"path":"/home/pismo/github/swipeJsListener/src/swipeJsListener.js","statementMap":{"0":{"start":{"line":5,"column":6},"end":{"line":5,"column":24}},"1":{"start":{"line":6,"column":6},"end":{"line":6,"column":24}},"2":{"start":{"line":7,"column":6},"end":{"line":7,"column":32}},"3":{"start":{"line":8,"column":6},"end":{"line":8,"column":22}},"4":{"start":{"line":14,"column":6},"end":{"line":14,"column":42}},"5":{"start":{"line":15,"column":6},"end":{"line":15,"column":42}},"6":{"start":{"line":21,"column":6},"end":{"line":21,"column":45}},"7":{"start":{"line":21,"column":38},"end":{"line":21,"column":45}},"8":{"start":{"line":23,"column":20},"end":{"line":23,"column":55}},"9":{"start":{"line":24,"column":20},"end":{"line":24,"column":55}},"10":{"start":{"line":26,"column":6},"end":{"line":36,"column":7}},"11":{"start":{"line":28,"column":8},"end":{"line":29,"column":158}},"12":{"start":{"line":28,"column":108},"end":{"line":28,"column":164}},"13":{"start":{"line":29,"column":13},"end":{"line":29,"column":158}},"14":{"start":{"line":29,"column":101},"end":{"line":29,"column":158}},"15":{"start":{"line":33,"column":8},"end":{"line":34,"column":156}},"16":{"start":{"line":33,"column":106},"end":{"line":33,"column":160}},"17":{"start":{"line":34,"column":13},"end":{"line":34,"column":156}},"18":{"start":{"line":34,"column":100},"end":{"line":34,"column":156}},"19":{"start":{"line":38,"column":6},"end":{"line":38,"column":24}},"20":{"start":{"line":39,"column":6},"end":{"line":39,"column":24}},"21":{"start":{"line":46,"column":6},"end":{"line":46,"column":24}},"22":{"start":{"line":47,"column":6},"end":{"line":47,"column":24}},"23":{"start":{"line":48,"column":6},"end":{"line":48,"column":45}},"24":{"start":{"line":49,"column":6},"end":{"line":49,"column":21}},"25":{"start":{"line":50,"column":6},"end":{"line":50,"column":64}},"26":{"start":{"line":51,"column":6},"end":{"line":51,"column":62}},"27":{"start":{"line":57,"column":6},"end":{"line":57,"column":24}},"28":{"start":{"line":58,"column":6},"end":{"line":58,"column":24}},"29":{"start":{"line":59,"column":6},"end":{"line":59,"column":32}},"30":{"start":{"line":60,"column":6},"end":{"line":60,"column":22}},"31":{"start":{"line":61,"column":6},"end":{"line":61,"column":67}},"32":{"start":{"line":62,"column":6},"end":{"line":62,"column":65}},"33":{"start":{"line":68,"column":2},"end":{"line":78,"column":3}},"34":{"start":{"line":69,"column":4},"end":{"line":69,"column":37}},"35":{"start":{"line":71,"column":4},"end":{"line":77,"column":5}},"36":{"start":{"line":72,"column":6},"end":{"line":74,"column":9}},"37":{"start":{"line":73,"column":8},"end":{"line":73,"column":31}},"38":{"start":{"line":76,"column":6},"end":{"line":76,"column":47}}},"fnMap":{"0":{"name":"(anonymous_0)","decl":{"start":{"line":3,"column":4},"end":{"line":3,"column":5}},"loc":{"start":{"line":3,"column":18},"end":{"line":10,"column":5}},"line":3},"1":{"name":"(anonymous_1)","decl":{"start":{"line":12,"column":20},"end":{"line":12,"column":21}},"loc":{"start":{"line":12,"column":29},"end":{"line":17,"column":5}},"line":12},"2":{"name":"(anonymous_2)","decl":{"start":{"line":19,"column":19},"end":{"line":19,"column":20}},"loc":{"start":{"line":19,"column":28},"end":{"line":41,"column":5}},"line":19},"3":{"name":"(anonymous_3)","decl":{"start":{"line":44,"column":23},"end":{"line":44,"column":24}},"loc":{"start":{"line":44,"column":49},"end":{"line":53,"column":5}},"line":44},"4":{"name":"(anonymous_4)","decl":{"start":{"line":55,"column":26},"end":{"line":55,"column":27}},"loc":{"start":{"line":55,"column":32},"end":{"line":64,"column":5}},"line":55},"5":{"name":"(anonymous_5)","decl":{"start":{"line":72,"column":17},"end":{"line":72,"column":18}},"loc":{"start":{"line":72,"column":28},"end":{"line":74,"column":7}},"line":72}},"branchMap":{"0":{"loc":{"start":{"line":21,"column":6},"end":{"line":21,"column":45}},"type":"if","locations":[{"start":{"line":21,"column":6},"end":{"line":21,"column":45}},{"start":{"line":21,"column":6},"end":{"line":21,"column":45}}],"line":21},"1":{"loc":{"start":{"line":21,"column":10},"end":{"line":21,"column":36}},"type":"binary-expr","locations":[{"start":{"line":21,"column":10},"end":{"line":21,"column":21}},{"start":{"line":21,"column":25},"end":{"line":21,"column":36}}],"line":21},"2":{"loc":{"start":{"line":26,"column":6},"end":{"line":36,"column":7}},"type":"if","locations":[{"start":{"line":26,"column":6},"end":{"line":36,"column":7}},{"start":{"line":26,"column":6},"end":{"line":36,"column":7}}],"line":26},"3":{"loc":{"start":{"line":28,"column":8},"end":{"line":29,"column":158}},"type":"if","locations":[{"start":{"line":28,"column":8},"end":{"line":29,"column":158}},{"start":{"line":28,"column":8},"end":{"line":29,"column":158}}],"line":28},"4":{"loc":{"start":{"line":28,"column":12},"end":{"line":28,"column":106}},"type":"binary-expr","locations":[{"start":{"line":28,"column":12},"end":{"line":28,"column":21}},{"start":{"line":28,"column":25},"end":{"line":28,"column":106}}],"line":28},"5":{"loc":{"start":{"line":29,"column":13},"end":{"line":29,"column":158}},"type":"if","locations":[{"start":{"line":29,"column":13},"end":{"line":29,"column":158}},{"start":{"line":29,"column":13},"end":{"line":29,"column":158}}],"line":29},"6":{"loc":{"start":{"line":33,"column":8},"end":{"line":34,"column":156}},"type":"if","locations":[{"start":{"line":33,"column":8},"end":{"line":34,"column":156}},{"start":{"line":33,"column":8},"end":{"line":34,"column":156}}],"line":33},"7":{"loc":{"start":{"line":33,"column":12},"end":{"line":33,"column":104}},"type":"binary-expr","locations":[{"start":{"line":33,"column":12},"end":{"line":33,"column":21}},{"start":{"line":33,"column":25},"end":{"line":33,"column":104}}],"line":33},"8":{"loc":{"start":{"line":34,"column":13},"end":{"line":34,"column":156}},"type":"if","locations":[{"start":{"line":34,"column":13},"end":{"line":34,"column":156}},{"start":{"line":34,"column":13},"end":{"line":34,"column":156}}],"line":34},"9":{"loc":{"start":{"line":68,"column":2},"end":{"line":78,"column":3}},"type":"if","locations":[{"start":{"line":68,"column":2},"end":{"line":78,"column":3}},{"start":{"line":68,"column":2},"end":{"line":78,"column":3}}],"line":68},"10":{"loc":{"start":{"line":68,"column":6},"end":{"line":68,"column":76}},"type":"binary-expr","locations":[{"start":{"line":68,"column":6},"end":{"line":68,"column":35}},{"start":{"line":68,"column":39},"end":{"line":68,"column":76}}],"line":68},"11":{"loc":{"start":{"line":71,"column":4},"end":{"line":77,"column":5}},"type":"if","locations":[{"start":{"line":71,"column":4},"end":{"line":77,"column":5}},{"start":{"line":71,"column":4},"end":{"line":77,"column":5}}],"line":71},"12":{"loc":{"start":{"line":71,"column":8},"end":{"line":71,"column":50}},"type":"binary-expr","locations":[{"start":{"line":71,"column":8},"end":{"line":71,"column":36}},{"start":{"line":71,"column":40},"end":{"line":71,"column":50}}],"line":71}},"s":{"0":2,"1":2,"2":2,"3":2,"4":0,"5":0,"6":0,"7":0,"8":0,"9":0,"10":0,"11":0,"12":0,"13":0,"14":0,"15":0,"16":0,"17":0,"18":0,"19":0,"20":0,"21":2,"22":2,"23":2,"24":2,"25":2,"26":2,"27":0,"28":0,"29":0,"30":0,"31":0,"32":0,"33":1,"34":1,"35":0,"36":0,"37":0,"38":0},"f":{"0":2,"1":0,"2":0,"3":2,"4":0,"5":0},"b":{"0":[0,0],"1":[0,0],"2":[0,0],"3":[0,0],"4":[0,0],"5":[0,0],"6":[0,0],"7":[0,0],"8":[0,0],"9":[1,0],"10":[1,1],"11":[0,0],"12":[0,0]},"_coverageSchema":"43e27e138ebf9cfc5966b082cf9a028302ed4184","hash":"a0bc9bcee1e6b45c234d9d87320ad3ed0638eae8"}
}
