TN:
SF:/home/pismo-vinicius/github/swipeJsListener/src/swipeJsListener.js
FN:3,(anonymous_0)
FN:12,(anonymous_1)
FN:18,(anonymous_2)
FN:44,(anonymous_3)
FN:55,(anonymous_4)
FN:72,(anonymous_5)
FNF:6
FNH:5
FNDA:5,(anonymous_0)
FNDA:4,(anonymous_1)
FNDA:4,(anonymous_2)
FNDA:5,(anonymous_3)
FNDA:5,(anonymous_4)
FNDA:0,(anonymous_5)
DA:5,5
DA:6,5
DA:7,5
DA:8,5
DA:13,4
DA:14,4
DA:20,4
DA:21,4
DA:23,4
DA:24,4
DA:26,4
DA:28,2
DA:29,1
DA:33,2
DA:34,1
DA:38,4
DA:39,4
DA:46,5
DA:47,5
DA:48,5
DA:49,5
DA:50,5
DA:51,5
DA:57,5
DA:58,5
DA:59,5
DA:60,5
DA:61,5
DA:62,5
DA:68,1
DA:69,1
DA:71,0
DA:72,0
DA:73,0
DA:76,0
LF:35
LH:31
BRDA:21,0,0,0
BRDA:21,0,1,4
BRDA:21,1,0,4
BRDA:21,1,1,0
BRDA:21,1,2,0
BRDA:26,2,0,2
BRDA:26,2,1,2
BRDA:28,3,0,1
BRDA:28,3,1,1
BRDA:28,4,0,2
BRDA:28,4,1,1
BRDA:29,5,0,1
BRDA:29,5,1,0
BRDA:33,6,0,1
BRDA:33,6,1,1
BRDA:33,7,0,2
BRDA:33,7,1,1
BRDA:34,8,0,1
BRDA:34,8,1,0
BRDA:68,9,0,1
BRDA:68,9,1,0
BRDA:68,10,0,1
BRDA:68,10,1,1
BRDA:71,11,0,0
BRDA:71,11,1,0
BRDA:71,12,0,0
BRDA:71,12,1,0
BRF:27
BRH:17
end_of_record
